<?xml version="1.0" encoding="UTF-8"?>
<!-- Generated by org.testng.reporters.JUnitReportReporter -->
<testsuite skipped="0" hostname="noi-arun-1012.agfamonotype.org" name="com.arun.framework.catalogueDetailsAPITests" tests="3" failures="0" timestamp="22 May 2019 11:25:08 GMT" time="8.075" errors="0">
  <testcase name="verifyGalleryPromotionTextTest" time="2.345" classname="com.arun.framework.catalogueDetailsAPITests"/>
  <testcase name="verifyCanRelistTest" time="2.398" classname="com.arun.framework.catalogueDetailsAPITests"/>
  <testcase name="verifyCarbonCreditsTest" time="3.332" classname="com.arun.framework.catalogueDetailsAPITests"/>
</testsuite> <!-- com.arun.framework.catalogueDetailsAPITests -->
