<?xml version="1.0" encoding="UTF-8"?>
<!-- Generated by org.testng.reporters.JUnitReportReporter -->
<testsuite skipped="0" hostname="noi-arun-1012.agfamonotype.org" name="com.arun.framework.catalogueDetailsAPITests" tests="3" failures="0" timestamp="23 May 2019 04:57:38 GMT" time="10.487" errors="0">
  <testcase name="verifyCanRelistTest" time="3.087" classname="com.arun.framework.catalogueDetailsAPITests"/>
  <testcase name="verifyCarbonCreditsTest" time="2.800" classname="com.arun.framework.catalogueDetailsAPITests"/>
  <testcase name="verifyGalleryPromotionTextTest" time="4.600" classname="com.arun.framework.catalogueDetailsAPITests"/>
</testsuite> <!-- com.arun.framework.catalogueDetailsAPITests -->
